<?xml version="1.0" encoding="UTF-8"?>
<!-- Generated by org.testng.reporters.JUnitXMLReporter -->
<testsuite hostname="BDC8-DX-6MWHH92" ignored="0" name="Test" tests="1" failures="1" timestamp="18 Jul 2018 04:08:14 GMT" time="14.603" errors="0">
  <testcase name="testLogin" time="14.402" classname="training.Newclass">
    <failure type="java.lang.AssertionError" message="expected [Sign in to GitHub · GitHub] but found [GitHub]">
      <![CDATA[java.lang.AssertionError: expected [Sign in to GitHub · GitHub] but found [GitHub]
at training.Newclass.testLogin(Newclass.java:23)
... Removed 31 stack frames]]>
    </failure>
  </testcase> <!-- testLogin -->
</testsuite> <!-- Test -->
